<?xml version="1.0" encoding="UTF-8"?>
<testng-results ignored="0" total="3" passed="3" failed="0" skipped="0">
  <reporter-output>
  </reporter-output>
  <suite started-at="2024-03-11T05:43:56 IST" name="MyFile" finished-at="2024-03-11T05:44:00 IST" duration-ms="4264">
    <groups>
    </groups>
    <test started-at="2024-03-11T05:43:56 IST" name="my tag" finished-at="2024-03-11T05:44:00 IST" duration-ms="4264">
      <class name="PageClass.parallel">
        <test-method signature="openGoogle()[pri:0, instance:PageClass.parallel@738dc9b]" started-at="2024-03-11T05:43:56 IST" name="openGoogle" finished-at="2024-03-11T05:44:00 IST" duration-ms="4223" status="PASS">
          <reporter-output>
          </reporter-output>
        </test-method> <!-- openGoogle -->
        <test-method signature="openBing()[pri:0, instance:PageClass.parallel@738dc9b]" started-at="2024-03-11T05:43:56 IST" name="openBing" finished-at="2024-03-11T05:43:59 IST" duration-ms="3230" status="PASS">
          <reporter-output>
          </reporter-output>
        </test-method> <!-- openBing -->
      </class> <!-- PageClass.parallel -->
      <class name="PageClass.Hompage">
        <test-method is-config="true" signature="homeBSuite()[pri:0, instance:PageClass.Hompage@33065d67]" started-at="2024-03-11T05:43:56 IST" name="homeBSuite" finished-at="2024-03-11T05:43:56 IST" duration-ms="11" status="PASS">
          <reporter-output>
          </reporter-output>
        </test-method> <!-- homeBSuite -->
        <test-method signature="home()[pri:0, instance:PageClass.Hompage@33065d67]" started-at="2024-03-11T05:43:56 IST" name="home" finished-at="2024-03-11T05:43:56 IST" duration-ms="6" status="PASS">
          <reporter-output>
          </reporter-output>
        </test-method> <!-- home -->
        <test-method is-config="true" signature="homeAsuite()[pri:0, instance:PageClass.Hompage@33065d67]" started-at="2024-03-11T05:44:00 IST" name="homeAsuite" finished-at="2024-03-11T05:44:00 IST" duration-ms="1" status="PASS">
          <reporter-output>
          </reporter-output>
        </test-method> <!-- homeAsuite -->
      </class> <!-- PageClass.Hompage -->
    </test> <!-- my tag -->
  </suite> <!-- MyFile -->
</testng-results>
